This is pdfTeX, Version 3.14159265-2.6-1.40.16 (TeX Live 2015) (preloaded format=pdflatex 2015.12.4)  25 SEP 2017 23:46
entering extended mode
 \write18 enabled.
 %&-line parsing enabled.
**ARTICLE_STABFEM.tex
(./ARTICLE_STABFEM.tex
LaTeX2e <2015/01/01>
Babel <3.9l> and hyphenation patterns for 79 languages loaded.
(/usr/local/texlive/2015/texmf-dist/tex/latex/elsarticle/elsarticle.cls
Document Class: elsarticle 2009/09/17, 1.2.0: Elsevier Ltd
\@bls=\dimen102
(/usr/local/texlive/2015/texmf-dist/tex/latex/base/article.cls
Document Class: article 2014/09/29 v1.4h Standard LaTeX document class
(/usr/local/texlive/2015/texmf-dist/tex/latex/base/size10.clo
File: size10.clo 2014/09/29 v1.4h Standard LaTeX file (size option)
)
\c@part=\count79
\c@section=\count80
\c@subsection=\count81
\c@subsubsection=\count82
\c@paragraph=\count83
\c@subparagraph=\count84
\c@figure=\count85
\c@table=\count86
\abovecaptionskip=\skip41
\belowcaptionskip=\skip42
\bibindent=\dimen103
)
(/usr/local/texlive/2015/texmf-dist/tex/latex/graphics/graphicx.sty
Package: graphicx 2014/10/28 v1.0g Enhanced LaTeX Graphics (DPC,SPQR)

(/usr/local/texlive/2015/texmf-dist/tex/latex/graphics/keyval.sty
Package: keyval 2014/10/28 v1.15 key=value parser (DPC)
\KV@toks@=\toks14
)
(/usr/local/texlive/2015/texmf-dist/tex/latex/graphics/graphics.sty
Package: graphics 2014/10/28 v1.0p Standard LaTeX Graphics (DPC,SPQR)

(/usr/local/texlive/2015/texmf-dist/tex/latex/graphics/trig.sty
Package: trig 1999/03/16 v1.09 sin cos tan (DPC)
)
(/usr/local/texlive/2015/texmf-dist/tex/latex/latexconfig/graphics.cfg
File: graphics.cfg 2010/04/23 v1.9 graphics configuration of TeX Live
)
Package graphics Info: Driver file: pdftex.def on input line 94.

(/usr/local/texlive/2015/texmf-dist/tex/latex/pdftex-def/pdftex.def
File: pdftex.def 2011/05/27 v0.06d Graphics/color for pdfTeX

(/usr/local/texlive/2015/texmf-dist/tex/generic/oberdiek/infwarerr.sty
Package: infwarerr 2010/04/08 v1.3 Providing info/warning/error messages (HO)
)
(/usr/local/texlive/2015/texmf-dist/tex/generic/oberdiek/ltxcmds.sty
Package: ltxcmds 2011/11/09 v1.22 LaTeX kernel commands for general use (HO)
)
\Gread@gobject=\count87
))
\Gin@req@height=\dimen104
\Gin@req@width=\dimen105
)
(/usr/local/texlive/2015/texmf-dist/tex/latex/psnfss/pifont.sty
Package: pifont 2005/04/12 PSNFSS-v9.2a Pi font support (SPQR) 
LaTeX Font Info:    Try loading font information for U+pzd on input line 63.

(/usr/local/texlive/2015/texmf-dist/tex/latex/psnfss/upzd.fd
File: upzd.fd 2001/06/04 font definitions for U/pzd.
)
LaTeX Font Info:    Try loading font information for U+psy on input line 64.

(/usr/local/texlive/2015/texmf-dist/tex/latex/psnfss/upsy.fd
File: upsy.fd 2001/06/04 font definitions for U/psy.
))
\c@tnote=\count88
\c@fnote=\count89
\c@cnote=\count90
\c@ead=\count91
\c@author=\count92
\@eadauthor=\toks15
\c@affn=\count93
\absbox=\box26
\keybox=\box27
\Columnwidth=\dimen106
\space@left=\dimen107
\els@boxa=\box28
\els@boxb=\box29
\leftMargin=\dimen108
\@enLab=\toks16
\@sep=\skip43
\@@sep=\skip44

(./ARTICLE_STABFEM.spl)
(/usr/local/texlive/2015/texmf-dist/tex/latex/natbib/natbib.sty
Package: natbib 2010/09/13 8.31b (PWD, AO)
\bibhang=\skip45
\bibsep=\skip46
LaTeX Info: Redefining \cite on input line 694.
\c@NAT@ctr=\count94
)
\splwrite=\write3
\openout3 = `ARTICLE_STABFEM.spl'.

)
(/usr/local/texlive/2015/texmf-dist/tex/latex/lineno/lineno.sty
Package: lineno 2005/11/02 line numbers on paragraphs v4.41
\linenopenalty=\count95
\output=\toks17
\linenoprevgraf=\count96
\linenumbersep=\dimen109
\linenumberwidth=\dimen110
\c@linenumber=\count97
\c@pagewiselinenumber=\count98
\c@LN@truepage=\count99
\c@internallinenumber=\count100
\c@internallinenumbers=\count101
\quotelinenumbersep=\dimen111
\bframerule=\dimen112
\bframesep=\dimen113
\bframebox=\box30
LaTeX Info: Redefining \\ on input line 3056.
)
(/usr/local/texlive/2015/texmf-dist/tex/latex/hyperref/hyperref.sty
Package: hyperref 2012/11/06 v6.83m Hypertext links for LaTeX

(/usr/local/texlive/2015/texmf-dist/tex/generic/oberdiek/hobsub-hyperref.sty
Package: hobsub-hyperref 2012/05/28 v1.13 Bundle oberdiek, subset hyperref (HO)


(/usr/local/texlive/2015/texmf-dist/tex/generic/oberdiek/hobsub-generic.sty
Package: hobsub-generic 2012/05/28 v1.13 Bundle oberdiek, subset generic (HO)
Package: hobsub 2012/05/28 v1.13 Construct package bundles (HO)
Package hobsub Info: Skipping package `infwarerr' (already loaded).
Package hobsub Info: Skipping package `ltxcmds' (already loaded).
Package: ifluatex 2010/03/01 v1.3 Provides the ifluatex switch (HO)
Package ifluatex Info: LuaTeX not detected.
Package: ifvtex 2010/03/01 v1.5 Detect VTeX and its facilities (HO)
Package ifvtex Info: VTeX not detected.
Package: intcalc 2007/09/27 v1.1 Expandable calculations with integers (HO)
Package: ifpdf 2011/01/30 v2.3 Provides the ifpdf switch (HO)
Package ifpdf Info: pdfTeX in PDF mode is detected.
Package: etexcmds 2011/02/16 v1.5 Avoid name clashes with e-TeX commands (HO)
Package etexcmds Info: Could not find \expanded.
(etexcmds)             That can mean that you are not using pdfTeX 1.50 or
(etexcmds)             that some package has redefined \expanded.
(etexcmds)             In the latter case, load this package earlier.
Package: kvsetkeys 2012/04/25 v1.16 Key value parser (HO)
Package: kvdefinekeys 2011/04/07 v1.3 Define keys (HO)
Package: pdftexcmds 2011/11/29 v0.20 Utility functions of pdfTeX for LuaTeX (HO
)
Package pdftexcmds Info: LuaTeX not detected.
Package pdftexcmds Info: \pdf@primitive is available.
Package pdftexcmds Info: \pdf@ifprimitive is available.
Package pdftexcmds Info: \pdfdraftmode found.
Package: pdfescape 2011/11/25 v1.13 Implements pdfTeX's escape features (HO)
Package: bigintcalc 2012/04/08 v1.3 Expandable calculations on big integers (HO
)
Package: bitset 2011/01/30 v1.1 Handle bit-vector datatype (HO)
Package: uniquecounter 2011/01/30 v1.2 Provide unlimited unique counter (HO)
)
Package hobsub Info: Skipping package `hobsub' (already loaded).
Package: letltxmacro 2010/09/02 v1.4 Let assignment for LaTeX macros (HO)
Package: hopatch 2012/05/28 v1.2 Wrapper for package hooks (HO)
Package: xcolor-patch 2011/01/30 xcolor patch
Package: atveryend 2011/06/30 v1.8 Hooks at the very end of document (HO)
Package atveryend Info: \enddocument detected (standard20110627).
Package: atbegshi 2011/10/05 v1.16 At begin shipout hook (HO)
Package: refcount 2011/10/16 v3.4 Data extraction from label references (HO)
Package: hycolor 2011/01/30 v1.7 Color options for hyperref/bookmark (HO)
)
(/usr/local/texlive/2015/texmf-dist/tex/generic/ifxetex/ifxetex.sty
Package: ifxetex 2010/09/12 v0.6 Provides ifxetex conditional
)
(/usr/local/texlive/2015/texmf-dist/tex/latex/oberdiek/auxhook.sty
Package: auxhook 2011/03/04 v1.3 Hooks for auxiliary files (HO)
)
(/usr/local/texlive/2015/texmf-dist/tex/latex/oberdiek/kvoptions.sty
Package: kvoptions 2011/06/30 v3.11 Key value format for package options (HO)
)
\@linkdim=\dimen114
\Hy@linkcounter=\count102
\Hy@pagecounter=\count103

(/usr/local/texlive/2015/texmf-dist/tex/latex/hyperref/pd1enc.def
File: pd1enc.def 2012/11/06 v6.83m Hyperref: PDFDocEncoding definition (HO)
)
\Hy@SavedSpaceFactor=\count104

(/usr/local/texlive/2015/texmf-dist/tex/latex/latexconfig/hyperref.cfg
File: hyperref.cfg 2002/06/06 v1.2 hyperref configuration of TeXLive
)
Package hyperref Info: Hyper figures OFF on input line 4443.
Package hyperref Info: Link nesting OFF on input line 4448.
Package hyperref Info: Hyper index ON on input line 4451.
Package hyperref Info: Plain pages OFF on input line 4458.
Package hyperref Info: Backreferencing OFF on input line 4463.
Package hyperref Info: Implicit mode ON; LaTeX internals redefined.
Package hyperref Info: Bookmarks ON on input line 4688.
\c@Hy@tempcnt=\count105

(/usr/local/texlive/2015/texmf-dist/tex/latex/url/url.sty
\Urlmuskip=\muskip10
Package: url 2013/09/16  ver 3.4  Verb mode for urls, etc.
)
LaTeX Info: Redefining \url on input line 5041.
\XeTeXLinkMargin=\dimen115
\Fld@menulength=\count106
\Field@Width=\dimen116
\Fld@charsize=\dimen117
Package hyperref Info: Hyper figures OFF on input line 6295.
Package hyperref Info: Link nesting OFF on input line 6300.
Package hyperref Info: Hyper index ON on input line 6303.
Package hyperref Info: backreferencing OFF on input line 6310.
Package hyperref Info: Link coloring OFF on input line 6315.
Package hyperref Info: Link coloring with OCG OFF on input line 6320.
Package hyperref Info: PDF/A mode OFF on input line 6325.
LaTeX Info: Redefining \ref on input line 6365.
LaTeX Info: Redefining \pageref on input line 6369.
\Hy@abspage=\count107
\c@Item=\count108
\c@Hfootnote=\count109
)

Package hyperref Message: Driver (autodetected): hpdftex.

(/usr/local/texlive/2015/texmf-dist/tex/latex/hyperref/hpdftex.def
File: hpdftex.def 2012/11/06 v6.83m Hyperref driver for pdfTeX
\Fld@listcount=\count110
\c@bookmark@seq@number=\count111

(/usr/local/texlive/2015/texmf-dist/tex/latex/oberdiek/rerunfilecheck.sty
Package: rerunfilecheck 2011/04/15 v1.7 Rerun checks for auxiliary files (HO)
Package uniquecounter Info: New unique counter `rerunfilecheck' on input line 2
82.
)
\Hy@SectionHShift=\skip47
)
(/usr/local/texlive/2015/texmf-dist/tex/latex/listings/listings.sty
\lst@mode=\count112
\lst@gtempboxa=\box31
\lst@token=\toks18
\lst@length=\count113
\lst@currlwidth=\dimen118
\lst@column=\count114
\lst@pos=\count115
\lst@lostspace=\dimen119
\lst@width=\dimen120
\lst@newlines=\count116
\lst@lineno=\count117
\lst@maxwidth=\dimen121

(/usr/local/texlive/2015/texmf-dist/tex/latex/listings/lstmisc.sty
File: lstmisc.sty 2014/09/06 1.5e (Carsten Heinz)
\c@lstnumber=\count118
\lst@skipnumbers=\count119
\lst@framebox=\box32
)
(/usr/local/texlive/2015/texmf-dist/tex/latex/listings/listings.cfg
File: listings.cfg 2014/09/06 1.5e listings configuration
))
Package: listings 2014/09/06 1.5e (Carsten Heinz)

(./ARTICLE_STABFEM.aux)
\openout1 = `ARTICLE_STABFEM.aux'.

LaTeX Font Info:    Checking defaults for OML/cmm/m/it on input line 49.
LaTeX Font Info:    ... okay on input line 49.
LaTeX Font Info:    Checking defaults for T1/cmr/m/n on input line 49.
LaTeX Font Info:    ... okay on input line 49.
LaTeX Font Info:    Checking defaults for OT1/cmr/m/n on input line 49.
LaTeX Font Info:    ... okay on input line 49.
LaTeX Font Info:    Checking defaults for OMS/cmsy/m/n on input line 49.
LaTeX Font Info:    ... okay on input line 49.
LaTeX Font Info:    Checking defaults for OMX/cmex/m/n on input line 49.
LaTeX Font Info:    ... okay on input line 49.
LaTeX Font Info:    Checking defaults for U/cmr/m/n on input line 49.
LaTeX Font Info:    ... okay on input line 49.
LaTeX Font Info:    Checking defaults for PD1/pdf/m/n on input line 49.
LaTeX Font Info:    ... okay on input line 49.

(/usr/local/texlive/2015/texmf-dist/tex/context/base/supp-pdf.mkii
[Loading MPS to PDF converter (version 2006.09.02).]
\scratchcounter=\count120
\scratchdimen=\dimen122
\scratchbox=\box33
\nofMPsegments=\count121
\nofMParguments=\count122
\everyMPshowfont=\toks19
\MPscratchCnt=\count123
\MPscratchDim=\dimen123
\MPnumerator=\count124
\makeMPintoPDFobject=\count125
\everyMPtoPDFconversion=\toks20
) (/usr/local/texlive/2015/texmf-dist/tex/latex/oberdiek/epstopdf-base.sty
Package: epstopdf-base 2010/02/09 v2.5 Base part for package epstopdf

(/usr/local/texlive/2015/texmf-dist/tex/latex/oberdiek/grfext.sty
Package: grfext 2010/08/19 v1.1 Manage graphics extensions (HO)
)
Package grfext Info: Graphics extension search list:
(grfext)             [.png,.pdf,.jpg,.mps,.jpeg,.jbig2,.jb2,.PNG,.PDF,.JPG,.JPE
G,.JBIG2,.JB2,.eps]
(grfext)             \AppendGraphicsExtensions on input line 452.

(/usr/local/texlive/2015/texmf-dist/tex/latex/latexconfig/epstopdf-sys.cfg
File: epstopdf-sys.cfg 2010/07/13 v1.3 Configuration of (r)epstopdf for TeX Liv
e
))
\AtBeginShipoutBox=\box34
Package hyperref Info: Link coloring OFF on input line 49.

(/usr/local/texlive/2015/texmf-dist/tex/latex/hyperref/nameref.sty
Package: nameref 2012/10/27 v2.43 Cross-referencing by name of section

(/usr/local/texlive/2015/texmf-dist/tex/generic/oberdiek/gettitlestring.sty
Package: gettitlestring 2010/12/03 v1.4 Cleanup title references (HO)
)
\c@section@level=\count126
)
LaTeX Info: Redefining \ref on input line 49.
LaTeX Info: Redefining \pageref on input line 49.
LaTeX Info: Redefining \nameref on input line 49.

(./ARTICLE_STABFEM.out) (./ARTICLE_STABFEM.out)
\@outlinefile=\write4
\openout4 = `ARTICLE_STABFEM.out'.

\c@lstlisting=\count127
LaTeX Font Info:    External font `cmex10' loaded for size
(Font)              <7> on input line 78.
LaTeX Font Info:    External font `cmex10' loaded for size
(Font)              <5> on input line 78.
LaTeX Font Info:    External font `cmex10' loaded for size
(Font)              <8> on input line 87.
LaTeX Font Info:    External font `cmex10' loaded for size
(Font)              <6> on input line 87.
Missing character: There is no Ã in font cmr10!
Missing character: There is no © in font cmr10!
 [1


{/usr/local/texlive/2015/texmf-var/fonts/map/pdftex/updmap/pdftex.map}]
Overfull \hbox (1.27834pt too wide) in paragraph at lines 115--117
[]\OT1/cmr/m/n/10 Secondly we of-fer an open-source and user-friendly soft-ware
 called "StabFem"
 []

LaTeX Font Info:    Try loading font information for OMS+cmr on input line 120.

(/usr/local/texlive/2015/texmf-dist/tex/latex/base/omscmr.fd
File: omscmr.fd 2014/09/29 v2.5h Standard LaTeX font definitions
)
LaTeX Font Info:    Font shape `OMS/cmr/m/n' in size <10> not available
(Font)              Font shape `OMS/cmsy/m/n' tried instead on input line 120.

Overfull \hbox (4.8921pt too wide) in paragraph at lines 159--160
 []\OT1/cmr/m/it/10 Base-flow equa-tions.[] \OT1/cmr/m/n/10 We look for a stead
y base-flow $(\OT1/cmr/bx/n/10 u[]\OT1/cmr/m/n/10 ; \OML/cmm/m/it/10 p[]\OT1/cm
r/m/n/10 )$ sat-is-fy-ing the Navier-
 []

[2]
! Misplaced alignment tab character &.
l.221 ...ly adapt the refinement. Following Sipp &
                                                   Lebedev, the usual proced...

? 
[3]
LaTeX Font Info:    Try loading font information for OML+cmr on input line 243.

 (/usr/local/texlive/2015/texmf-dist/tex/latex/base/omlcmr.fd
File: omlcmr.fd 2014/09/29 v2.5h Standard LaTeX font definitions
)
LaTeX Font Info:    Font shape `OML/cmr/m/n' in size <9> not available
(Font)              Font shape `OML/cmm/m/it' tried instead on input line 243.

Overfull \hbox (32.40125pt too wide) in paragraph at lines 246--247
[][][][][][][][][][][][][][][][][][][][][][][][][] 
 []


Overfull \hbox (49.0513pt too wide) in paragraph at lines 247--248
[][][][][][][][][][][][][][][][][][][][][][][][][][][][][][][] 
 []


Overfull \hbox (37.95126pt too wide) in paragraph at lines 249--250
[][][][][][][][][][][][][][][][][][][][][][][][][] 
 []


Overfull \hbox (71.25137pt too wide) in paragraph at lines 250--251
[][][][][][][][][][][][][][][][][][][][][][][][][][][][][][][][][] 
 []


Overfull \hbox (37.95126pt too wide) in paragraph at lines 252--253
[][][][][][][][][][][][][][][][][][][][][][][][][] 
 []


Overfull \hbox (60.15134pt too wide) in paragraph at lines 253--254
[][][][][][][][][][][][][][][][][][][][][][][][][][][][][][][] 
 []

! Undefined control sequence.
l.255 \normal
             
? 
LaTeX Font Info:    External font `cmex10' loaded for size
(Font)              <9> on input line 257.

Overfull \hbox (15.75119pt too wide) in paragraph at lines 262--264
[][][][][][][][][][][][][][][] 
 []


Overfull \hbox (21.30121pt too wide) in paragraph at lines 264--265
[][][][][][][][][][][][][][][][][][][][][][][][][][][][][][][][][] 
 []


Overfull \hbox (37.95126pt too wide) in paragraph at lines 268--269
[][][][][][][][][][][][][][][][][][][][][][][][][] 
 []


Overfull \hbox (60.15134pt too wide) in paragraph at lines 269--270
[][][][][][][][][][][][][][][][][][][][][][][][][][][][][][][] 
 []

<./FIGURES/Cylinder_Mesh.pdf, id=77, 597.23125pt x 845.1575pt>
File: ./FIGURES/Cylinder_Mesh.pdf Graphic file (type pdf)

<use ./FIGURES/Cylinder_Mesh.pdf>
Package pdftex.def Info: ./FIGURES/Cylinder_Mesh.pdf used on input line 276.
(pdftex.def)             Requested size: 165.59853pt x 234.34698pt.

<./FIGURES/Cylinder_BaseFlowReC.pdf, id=78, 597.23125pt x 845.1575pt>
File: ./FIGURES/Cylinder_BaseFlowReC.pdf Graphic file (type pdf)

<use ./FIGURES/Cylinder_BaseFlowReC.pdf>
Package pdftex.def Info: ./FIGURES/Cylinder_BaseFlowReC.pdf used on input line 
277.
(pdftex.def)             Requested size: 165.59853pt x 234.34698pt.

<./FIGURES/Cylinder_Lx_baseflow.pdf, id=79, 597.23125pt x 845.1575pt>
File: ./FIGURES/Cylinder_Lx_baseflow.pdf Graphic file (type pdf)

<use ./FIGURES/Cylinder_Lx_baseflow.pdf>
Package pdftex.def Info: ./FIGURES/Cylinder_Lx_baseflow.pdf used on input line 
292.
(pdftex.def)             Requested size: 165.59853pt x 234.34698pt.

<./FIGURES/Cylinder_Drag_baseflow.pdf, id=80, 597.23125pt x 845.1575pt>
File: ./FIGURES/Cylinder_Drag_baseflow.pdf Graphic file (type pdf)

<use ./FIGURES/Cylinder_Drag_baseflow.pdf>
Package pdftex.def Info: ./FIGURES/Cylinder_Drag_baseflow.pdf used on input lin
e 293.
(pdftex.def)             Requested size: 165.59853pt x 234.34698pt.
 [4] [5 <./FIGURES/Cylinder_Mesh.pdf> <./FIGURES/Cylinder_BaseFlowReC.pdf> <./F
IGURES/Cylinder_Lx_baseflow.pdf> <./FIGURES/Cylinder_Drag_baseflow.pdf>]
Missing character: There is no Â in font cmr10!
Missing character: There is no   in font cmr10!

<./FIGURES/Cylinder_EigenModeReC.pdf, id=6609, 597.23125pt x 845.1575pt>
File: ./FIGURES/Cylinder_EigenModeReC.pdf Graphic file (type pdf)

<use ./FIGURES/Cylinder_EigenModeReC.pdf>
Package pdftex.def Info: ./FIGURES/Cylinder_EigenModeReC.pdf used on input line
 340.
(pdftex.def)             Requested size: 165.59853pt x 234.34698pt.

<./FIGURES/Cylinder_EigenModeAdjReC.pdf, id=6610, 597.23125pt x 845.1575pt>
File: ./FIGURES/Cylinder_EigenModeAdjReC.pdf Graphic file (type pdf)

<use ./FIGURES/Cylinder_EigenModeAdjReC.pdf>
Package pdftex.def Info: ./FIGURES/Cylinder_EigenModeAdjReC.pdf used on input l
ine 341.
(pdftex.def)             Requested size: 165.59853pt x 234.34698pt.

<./FIGURES/Cylinder_SensitivityReC.pdf, id=6611, 597.23125pt x 845.1575pt>
File: ./FIGURES/Cylinder_SensitivityReC.pdf Graphic file (type pdf)

<use ./FIGURES/Cylinder_SensitivityReC.pdf>
Package pdftex.def Info: ./FIGURES/Cylinder_SensitivityReC.pdf used on input li
ne 342.
(pdftex.def)             Requested size: 165.59853pt x 234.34698pt.

Underfull \hbox (badness 10000) in paragraph at lines 340--343
[][] []
 []

<./FIGURES/Cylinder_Sigma_Re.pdf, id=6612, 597.23125pt x 845.1575pt>
File: ./FIGURES/Cylinder_Sigma_Re.pdf Graphic file (type pdf)

<use ./FIGURES/Cylinder_Sigma_Re.pdf>
Package pdftex.def Info: ./FIGURES/Cylinder_Sigma_Re.pdf used on input line 349
.
(pdftex.def)             Requested size: 165.59853pt x 234.34698pt.

<./FIGURES/Cylinder_Omega_Re.pdf, id=6613, 614.295pt x 794.97pt>
File: ./FIGURES/Cylinder_Omega_Re.pdf Graphic file (type pdf)

<use ./FIGURES/Cylinder_Omega_Re.pdf>
Package pdftex.def Info: ./FIGURES/Cylinder_Omega_Re.pdf used on input line 350
.
(pdftex.def)             Requested size: 165.59853pt x 214.30511pt.


Package hyperref Warning: Token not allowed in a PDF string (PDFDocEncoding):
(hyperref)                removing `math shift' on input line 358.


Package hyperref Warning: Token not allowed in a PDF string (PDFDocEncoding):
(hyperref)                removing `subscript' on input line 358.


Package hyperref Warning: Token not allowed in a PDF string (PDFDocEncoding):
(hyperref)                removing `math shift' on input line 358.

<./FIGURES/Cylinder_Lx_Re_SC.pdf, id=6614, 597.23125pt x 845.1575pt>
File: ./FIGURES/Cylinder_Lx_Re_SC.pdf Graphic file (type pdf)

<use ./FIGURES/Cylinder_Lx_Re_SC.pdf>
Package pdftex.def Info: ./FIGURES/Cylinder_Lx_Re_SC.pdf used on input line 363
.
(pdftex.def)             Requested size: 165.59853pt x 234.34698pt.

<./FIGURES/Cylinder_Drag_Re_SC.pdf, id=6615, 597.23125pt x 845.1575pt>
File: ./FIGURES/Cylinder_Drag_Re_SC.pdf Graphic file (type pdf)

<use ./FIGURES/Cylinder_Drag_Re_SC.pdf>
Package pdftex.def Info: ./FIGURES/Cylinder_Drag_Re_SC.pdf used on input line 3
64.
(pdftex.def)             Requested size: 165.59853pt x 234.34698pt.

<./FIGURES/Cylinder_Omega_Re_SC.pdf, id=6616, 597.23125pt x 845.1575pt>
File: ./FIGURES/Cylinder_Omega_Re_SC.pdf Graphic file (type pdf)

<use ./FIGURES/Cylinder_Omega_Re_SC.pdf>
Package pdftex.def Info: ./FIGURES/Cylinder_Omega_Re_SC.pdf used on input line 
365.
(pdftex.def)             Requested size: 165.59853pt x 234.34698pt.

<./FIGURES/Cylinder_Lift_Re_SC.pdf, id=6617, 597.23125pt x 845.1575pt>
File: ./FIGURES/Cylinder_Lift_Re_SC.pdf Graphic file (type pdf)

<use ./FIGURES/Cylinder_Lift_Re_SC.pdf>
Package pdftex.def Info: ./FIGURES/Cylinder_Lift_Re_SC.pdf used on input line 3
66.
(pdftex.def)             Requested size: 165.59853pt x 234.34698pt.

<./FIGURES/Cylinder_Energy_Re_SC.pdf, id=6618, 597.23125pt x 845.1575pt>
File: ./FIGURES/Cylinder_Energy_Re_SC.pdf Graphic file (type pdf)

<use ./FIGURES/Cylinder_Energy_Re_SC.pdf>
Package pdftex.def Info: ./FIGURES/Cylinder_Energy_Re_SC.pdf used on input line
 367.
(pdftex.def)             Requested size: 165.59853pt x 234.34698pt.


LaTeX Warning: Float too large for page by 186.09651pt on input line 371.

<./FIGURES/Cylinder_SC60_EnergySigma.pdf, id=6619, 597.23125pt x 845.1575pt>
File: ./FIGURES/Cylinder_SC60_EnergySigma.pdf Graphic file (type pdf)

<use ./FIGURES/Cylinder_SC60_EnergySigma.pdf>
Package pdftex.def Info: ./FIGURES/Cylinder_SC60_EnergySigma.pdf used on input 
line 376.
(pdftex.def)             Requested size: 165.59853pt x 234.34698pt.

<./FIGURES/Cylinder_SC60_LiftSigma.pdf, id=6620, 597.23125pt x 845.1575pt>
File: ./FIGURES/Cylinder_SC60_LiftSigma.pdf Graphic file (type pdf)

<use ./FIGURES/Cylinder_SC60_LiftSigma.pdf>
Package pdftex.def Info: ./FIGURES/Cylinder_SC60_LiftSigma.pdf used on input li
ne 377.
(pdftex.def)             Requested size: 165.59853pt x 234.34698pt.
Package atveryend Info: Empty hook `BeforeClearDocument' on input line 393.
 [6

] [7 <./FIGURES/Cylinder_EigenModeReC.pdf> <./FIGURES/Cylinder_EigenModeAdjReC.
pdf> <./FIGURES/Cylinder_SensitivityReC.pdf>] [8 <./FIGURES/Cylinder_Sigma_Re.p
df> <./FIGURES/Cylinder_Omega_Re.pdf>] [9 <./FIGURES/Cylinder_Lx_Re_SC.pdf> <./
FIGURES/Cylinder_Drag_Re_SC.pdf> <./FIGURES/Cylinder_Omega_Re_SC.pdf> <./FIGURE
S/Cylinder_Lift_Re_SC.pdf> <./FIGURES/Cylinder_Energy_Re_SC.pdf>] [10 <./FIGURE
S/Cylinder_SC60_EnergySigma.pdf> <./FIGURES/Cylinder_SC60_LiftSigma.pdf>]
Package atveryend Info: Empty hook `AfterLastShipout' on input line 393.
 (./ARTICLE_STABFEM.aux)
Package atveryend Info: Executing hook `AtVeryEndDocument' on input line 393.
Package atveryend Info: Executing hook `AtEndAfterFileList' on input line 393.
Package rerunfilecheck Info: File `ARTICLE_STABFEM.out' has not changed.
(rerunfilecheck)             Checksum: CD6795A668FFCA5D0752579B43820099;492.
Package atveryend Info: Empty hook `AtVeryVeryEnd' on input line 393.
 ) 
Here is how much of TeX's memory you used:
 7230 strings out of 493089
 107104 string characters out of 6134842
 215942 words of memory out of 5000000
 10561 multiletter control sequences out of 15000+600000
 12396 words of font info for 42 fonts, out of 8000000 for 9000
 1141 hyphenation exceptions out of 8191
 34i,11n,32p,688b,1091s stack positions out of 5000i,500n,10000p,200000b,80000s
</usr/local/texlive/2015/texmf-dist/fonts/type1/public/amsfonts/cm/cmbx10.pfb
></usr/local/texlive/2015/texmf-dist/fonts/type1/public/amsfonts/cm/cmbx7.pfb><
/usr/local/texlive/2015/texmf-dist/fonts/type1/public/amsfonts/cm/cmex10.pfb></
usr/local/texlive/2015/texmf-dist/fonts/type1/public/amsfonts/cm/cmmi10.pfb></u
sr/local/texlive/2015/texmf-dist/fonts/type1/public/amsfonts/cm/cmmi5.pfb></usr
/local/texlive/2015/texmf-dist/fonts/type1/public/amsfonts/cm/cmmi6.pfb></usr/l
ocal/texlive/2015/texmf-dist/fonts/type1/public/amsfonts/cm/cmmi7.pfb></usr/loc
al/texlive/2015/texmf-dist/fonts/type1/public/amsfonts/cm/cmmi8.pfb></usr/local
/texlive/2015/texmf-dist/fonts/type1/public/amsfonts/cm/cmmi9.pfb></usr/local/t
exlive/2015/texmf-dist/fonts/type1/public/amsfonts/cm/cmmib10.pfb></usr/local/t
exlive/2015/texmf-dist/fonts/type1/public/amsfonts/cmextra/cmmib7.pfb></usr/loc
al/texlive/2015/texmf-dist/fonts/type1/public/amsfonts/cm/cmr10.pfb></usr/local
/texlive/2015/texmf-dist/fonts/type1/public/amsfonts/cm/cmr12.pfb></usr/local/t
exlive/2015/texmf-dist/fonts/type1/public/amsfonts/cm/cmr6.pfb></usr/local/texl
ive/2015/texmf-dist/fonts/type1/public/amsfonts/cm/cmr7.pfb></usr/local/texlive
/2015/texmf-dist/fonts/type1/public/amsfonts/cm/cmr8.pfb></usr/local/texlive/20
15/texmf-dist/fonts/type1/public/amsfonts/cm/cmr9.pfb></usr/local/texlive/2015/
texmf-dist/fonts/type1/public/amsfonts/cm/cmss8.pfb></usr/local/texlive/2015/te
xmf-dist/fonts/type1/public/amsfonts/cm/cmsy10.pfb></usr/local/texlive/2015/tex
mf-dist/fonts/type1/public/amsfonts/cm/cmti10.pfb></usr/local/texlive/2015/texm
f-dist/fonts/type1/public/amsfonts/cm/cmti7.pfb></usr/local/texlive/2015/texmf-
dist/fonts/type1/public/amsfonts/cm/cmti8.pfb>
Output written on ARTICLE_STABFEM.pdf (10 pages, 6451640 bytes).
PDF statistics:
 34434 PDF objects out of 38293 (max. 8388607)
 17224 compressed objects within 173 object streams
 64 named destinations out of 1000 (max. 500000)
 137 words of extra memory for PDF output out of 10000 (max. 10000000)

